<?xml version="1.0" encoding="UTF-8"?>
<robot generator="Robot 6.0.1 (Python 3.11.1 on win32)" generated="20230302 11:26:13.414" rpa="false" schemaversion="3">
<suite id="s1" name="projet1- FILS DE CABLE - Commande" source="C:\Users\Ilham BOURHAIM\PycharmProjects\pythonProject13\projet1- FILS DE CABLE - Commande">
<suite id="s1-s1" name="test3-Cat2" source="C:\Users\Ilham BOURHAIM\PycharmProjects\pythonProject13\projet1- FILS DE CABLE - Commande\test3-Cat2.robot">
<test id="s1-s1-t1" name="Cables et fils electrique-Fils de cable" line="10">
<kw name="open the browser with URL" library="resources">
<kw name="Create Webdriver" library="SeleniumLibrary">
<arg>Chrome</arg>
<doc>Creates an instance of Selenium WebDriver.</doc>
<msg timestamp="20230302 11:26:13.886" level="INFO">Creating an instance of the Chrome WebDriver.</msg>
<status status="PASS" starttime="20230302 11:26:13.885" endtime="20230302 11:26:16.030"/>
</kw>
<kw name="Go To" library="SeleniumLibrary">
<arg>${URL}</arg>
<doc>Navigates the current browser window to the provided ``url``.</doc>
<msg timestamp="20230302 11:26:16.030" level="INFO">Opening url 'http://192.168.31.31/'</msg>
<status status="PASS" starttime="20230302 11:26:16.030" endtime="20230302 11:26:25.002"/>
</kw>
<kw name="Maximize Browser Window" library="SeleniumLibrary">
<doc>Maximizes current browser window.</doc>
<status status="PASS" starttime="20230302 11:26:25.002" endtime="20230302 11:26:25.296"/>
</kw>
<kw name="Sleep" library="BuiltIn">
<arg>6</arg>
<doc>Pauses the test executed for the given time.</doc>
<msg timestamp="20230302 11:26:31.297" level="INFO">Slept 6 seconds</msg>
<status status="PASS" starttime="20230302 11:26:25.296" endtime="20230302 11:26:31.297"/>
</kw>
<status status="PASS" starttime="20230302 11:26:13.885" endtime="20230302 11:26:31.297"/>
</kw>
<kw name="click an Cables et fils electrique-Fils de cable" library="clickAn_Cat2">
<arg>${Categories}</arg>
<arg>${Câbles_fils}</arg>
<arg>${FILS_CABLE0}</arg>
<kw name="Click Element" library="SeleniumLibrary">
<arg>${Categories}</arg>
<doc>Click the element identified by ``locator``.</doc>
<msg timestamp="20230302 11:26:31.302" level="INFO">Clicking element 'xpath://span[contains(text(),'Categories')]'.</msg>
<status status="PASS" starttime="20230302 11:26:31.299" endtime="20230302 11:26:31.569"/>
</kw>
<kw name="Sleep" library="BuiltIn">
<arg>5</arg>
<doc>Pauses the test executed for the given time.</doc>
<msg timestamp="20230302 11:26:36.571" level="INFO">Slept 5 seconds</msg>
<status status="PASS" starttime="20230302 11:26:31.569" endtime="20230302 11:26:36.571"/>
</kw>
<kw name="Mouse Down" library="SeleniumLibrary">
<arg>${Câbles_fils}</arg>
<doc>Simulates pressing the left mouse button on the element ``locator``.</doc>
<msg timestamp="20230302 11:26:36.574" level="INFO">Simulating Mouse Down on element 'xpath://header/div[1]/div[2]/div[1]/div[1]/ul[1]/li[2]/div[2]/div[1]/ul[1]/li[2]/a[1]'.</msg>
<status status="PASS" starttime="20230302 11:26:36.571" endtime="20230302 11:26:36.906"/>
</kw>
<kw name="Sleep" library="BuiltIn">
<arg>4</arg>
<doc>Pauses the test executed for the given time.</doc>
<msg timestamp="20230302 11:26:40.908" level="INFO">Slept 4 seconds</msg>
<status status="PASS" starttime="20230302 11:26:36.907" endtime="20230302 11:26:40.908"/>
</kw>
<kw name="Click Element" library="SeleniumLibrary">
<arg>${FILS_CABLE0}</arg>
<doc>Click the element identified by ``locator``.</doc>
<msg timestamp="20230302 11:26:40.910" level="INFO">Clicking element 'xpath://a[contains(text(),'Fils de cable')]'.</msg>
<msg timestamp="20230302 11:26:41.353" level="INFO" html="true">&lt;/td&gt;&lt;/tr&gt;&lt;tr&gt;&lt;td colspan="3"&gt;&lt;a href="selenium-screenshot-1.png"&gt;&lt;img src="selenium-screenshot-1.png" width="800px"&gt;&lt;/a&gt;</msg>
<msg timestamp="20230302 11:26:41.353" level="FAIL">ElementNotInteractableException: Message: element not interactable
  (Session info: chrome=110.0.5481.177)
Stacktrace:
Backtrace:
	(No symbol) [0x003037D3]
	(No symbol) [0x00298B81]
	(No symbol) [0x0019B230]
	(No symbol) [0x001CE337]
	(No symbol) [0x001C3253]
	(No symbol) [0x001EB41C]
	(No symbol) [0x001C2B96]
	(No symbol) [0x001EB774]
	(No symbol) [0x00201215]
	(No symbol) [0x001EB216]
	(No symbol) [0x001C0D97]
	(No symbol) [0x001C253D]
	GetHandleVerifier [0x0057ABF2+2510930]
	GetHandleVerifier [0x005A8EC1+2700065]
	GetHandleVerifier [0x005AC86C+2714828]
	GetHandleVerifier [0x003B3480+645344]
	(No symbol) [0x002A0FD2]
	(No symbol) [0x002A6C68]
	(No symbol) [0x002A6D4B]
	(No symbol) [0x002B0D6B]
	BaseThreadInitThunk [0x75FF00F9+25]
	RtlGetAppContainerNamedObjectPath [0x76F77BBE+286]
	RtlGetAppContainerNamedObjectPath [0x76F77B8E+238]
	(No symbol) [0x00000000]
</msg>
<status status="FAIL" starttime="20230302 11:26:40.909" endtime="20230302 11:26:41.503"/>
</kw>
<kw name="Sleep" library="BuiltIn">
<arg>5</arg>
<doc>Pauses the test executed for the given time.</doc>
<status status="NOT RUN" starttime="20230302 11:26:41.504" endtime="20230302 11:26:41.506"/>
</kw>
<status status="FAIL" starttime="20230302 11:26:31.298" endtime="20230302 11:26:41.507"/>
</kw>
<kw name="clicker sur un produit et voir le panier" library="choose3">
<arg>${clicker_Produit}</arg>
<arg>${Ajout_Panier}</arg>
<arg>${Voirr_Panier}</arg>
<arg>${Valider_Commande}</arg>
<status status="NOT RUN" starttime="20230302 11:26:41.507" endtime="20230302 11:26:41.507"/>
</kw>
<kw name="valider la commande" library="CommandePage">
<arg>${Prénom}</arg>
<arg>${Nom}</arg>
<arg>${Nom_d_entreprise}</arg>
<arg>${Numéro_nom_de_rue}</arg>
<arg>${Ville}</arg>
<arg>${Région_Département}</arg>
<arg>${Code_postal}</arg>
<arg>${Téléphone}</arg>
<arg>${E_mail}</arg>
<status status="NOT RUN" starttime="20230302 11:26:41.507" endtime="20230302 11:26:41.508"/>
</kw>
<status status="FAIL" starttime="20230302 11:26:13.884" endtime="20230302 11:26:41.508">ElementNotInteractableException: Message: element not interactable
  (Session info: chrome=110.0.5481.177)
Stacktrace:
Backtrace:
	(No symbol) [0x003037D3]
	(No symbol) [0x00298B81]
	(No symbol) [0x0019B230]
	(No symbol) [0x001CE337]
	(No symbol) [0x001C3253]
	(No symbol) [0x001EB41C]
	(No symbol) [0x001C2B96]
	(No symbol) [0x001EB774]
	(No symbol) [0x00201215]
	(No symbol) [0x001EB216]
	(No symbol) [0x001C0D97]
	(No symbol) [0x001C253D]
	GetHandleVerifier [0x0057ABF2+2510930]
	GetHandleVerifier [0x005A8EC1+2700065]
	GetHandleVerifier [0x005AC86C+2714828]
	GetHandleVerifier [0x003B3480+645344]
	(No symbol) [0x002A0FD2]
	(No symbol) [0x002A6C68]
	(No symbol) [0x002A6D4B]
	(No symbol) [0x002B0D6B]
	BaseThreadInitThunk [0x75FF00F9+25]
	RtlGetAppContainerNamedObjectPath [0x76F77BBE+286]
	RtlGetAppContainerNamedObjectPath [0x76F77B8E+238]
	(No symbol) [0x00000000]
</status>
</test>
<doc>Cables et fils electrique-Fils de cable_Partie de Commande</doc>
<status status="FAIL" starttime="20230302 11:26:13.455" endtime="20230302 11:26:41.510"/>
</suite>
<status status="FAIL" starttime="20230302 11:26:13.424" endtime="20230302 11:26:41.513"/>
</suite>
<statistics>
<total>
<stat pass="0" fail="1" skip="0">All Tests</stat>
</total>
<tag>
</tag>
<suite>
<stat pass="0" fail="1" skip="0" id="s1" name="projet1- FILS DE CABLE - Commande">projet1- FILS DE CABLE - Commande</stat>
<stat pass="0" fail="1" skip="0" id="s1-s1" name="test3-Cat2">projet1- FILS DE CABLE - Commande.test3-Cat2</stat>
</suite>
</statistics>
<errors>
</errors>
</robot>
