<?xml version="1.0" encoding="UTF-8"?>
<robot generator="Robot 6.0.1 (Python 3.11.1 on win32)" generated="20230302 11:26:42.618" rpa="false" schemaversion="3">
<suite id="s1" name="projet1- FILS DE CABLE - Commande" source="C:\Users\Ilham BOURHAIM\PycharmProjects\pythonProject13\projet1- FILS DE CABLE - Commande">
<suite id="s1-s1" name="test4-Cat2" source="C:\Users\Ilham BOURHAIM\PycharmProjects\pythonProject13\projet1- FILS DE CABLE - Commande\test4-Cat2.robot">
<test id="s1-s1-t1" name="Cables et fils electrique-Fils de cable" line="10">
<kw name="open the browser with URL" library="resources">
<kw name="Create Webdriver" library="SeleniumLibrary">
<arg>Chrome</arg>
<doc>Creates an instance of Selenium WebDriver.</doc>
<msg timestamp="20230302 11:26:43.158" level="INFO">Creating an instance of the Chrome WebDriver.</msg>
<status status="PASS" starttime="20230302 11:26:43.157" endtime="20230302 11:26:45.778"/>
</kw>
<kw name="Go To" library="SeleniumLibrary">
<arg>${URL}</arg>
<doc>Navigates the current browser window to the provided ``url``.</doc>
<msg timestamp="20230302 11:26:45.781" level="INFO">Opening url 'http://192.168.31.31/'</msg>
<status status="PASS" starttime="20230302 11:26:45.779" endtime="20230302 11:26:52.138"/>
</kw>
<kw name="Maximize Browser Window" library="SeleniumLibrary">
<doc>Maximizes current browser window.</doc>
<status status="PASS" starttime="20230302 11:26:52.140" endtime="20230302 11:26:52.433"/>
</kw>
<kw name="Sleep" library="BuiltIn">
<arg>6</arg>
<doc>Pauses the test executed for the given time.</doc>
<msg timestamp="20230302 11:26:58.434" level="INFO">Slept 6 seconds</msg>
<status status="PASS" starttime="20230302 11:26:52.434" endtime="20230302 11:26:58.434"/>
</kw>
<status status="PASS" starttime="20230302 11:26:43.156" endtime="20230302 11:26:58.434"/>
</kw>
<kw name="click an Cables et fils electrique-Fils de cable" library="clickAn_Cat2">
<arg>${Categories}</arg>
<arg>${Câbles_fils}</arg>
<arg>${FILS_CABLE0}</arg>
<kw name="Click Element" library="SeleniumLibrary">
<arg>${Categories}</arg>
<doc>Click the element identified by ``locator``.</doc>
<msg timestamp="20230302 11:26:58.443" level="INFO">Clicking element 'xpath://span[contains(text(),'Categories')]'.</msg>
<status status="PASS" starttime="20230302 11:26:58.442" endtime="20230302 11:26:58.577"/>
</kw>
<kw name="Sleep" library="BuiltIn">
<arg>5</arg>
<doc>Pauses the test executed for the given time.</doc>
<msg timestamp="20230302 11:27:03.578" level="INFO">Slept 5 seconds</msg>
<status status="PASS" starttime="20230302 11:26:58.577" endtime="20230302 11:27:03.578"/>
</kw>
<kw name="Mouse Down" library="SeleniumLibrary">
<arg>${Câbles_fils}</arg>
<doc>Simulates pressing the left mouse button on the element ``locator``.</doc>
<msg timestamp="20230302 11:27:03.579" level="INFO">Simulating Mouse Down on element 'xpath://header/div[1]/div[2]/div[1]/div[1]/ul[1]/li[2]/div[2]/div[1]/ul[1]/li[2]/a[1]'.</msg>
<status status="PASS" starttime="20230302 11:27:03.578" endtime="20230302 11:27:03.878"/>
</kw>
<kw name="Sleep" library="BuiltIn">
<arg>4</arg>
<doc>Pauses the test executed for the given time.</doc>
<msg timestamp="20230302 11:27:07.879" level="INFO">Slept 4 seconds</msg>
<status status="PASS" starttime="20230302 11:27:03.878" endtime="20230302 11:27:07.879"/>
</kw>
<kw name="Click Element" library="SeleniumLibrary">
<arg>${FILS_CABLE0}</arg>
<doc>Click the element identified by ``locator``.</doc>
<msg timestamp="20230302 11:27:07.880" level="INFO">Clicking element 'xpath://a[contains(text(),'Fils de cable')]'.</msg>
<msg timestamp="20230302 11:27:08.233" level="INFO" html="true">&lt;/td&gt;&lt;/tr&gt;&lt;tr&gt;&lt;td colspan="3"&gt;&lt;a href="selenium-screenshot-1.png"&gt;&lt;img src="selenium-screenshot-1.png" width="800px"&gt;&lt;/a&gt;</msg>
<msg timestamp="20230302 11:27:08.234" level="FAIL">ElementNotInteractableException: Message: element not interactable
  (Session info: chrome=110.0.5481.177)
Stacktrace:
Backtrace:
	(No symbol) [0x003037D3]
	(No symbol) [0x00298B81]
	(No symbol) [0x0019B230]
	(No symbol) [0x001CE337]
	(No symbol) [0x001C3253]
	(No symbol) [0x001EB41C]
	(No symbol) [0x001C2B96]
	(No symbol) [0x001EB774]
	(No symbol) [0x00201215]
	(No symbol) [0x001EB216]
	(No symbol) [0x001C0D97]
	(No symbol) [0x001C253D]
	GetHandleVerifier [0x0057ABF2+2510930]
	GetHandleVerifier [0x005A8EC1+2700065]
	GetHandleVerifier [0x005AC86C+2714828]
	GetHandleVerifier [0x003B3480+645344]
	(No symbol) [0x002A0FD2]
	(No symbol) [0x002A6C68]
	(No symbol) [0x002A6D4B]
	(No symbol) [0x002B0D6B]
	BaseThreadInitThunk [0x75FF00F9+25]
	RtlGetAppContainerNamedObjectPath [0x76F77BBE+286]
	RtlGetAppContainerNamedObjectPath [0x76F77B8E+238]
	(No symbol) [0x00000000]
</msg>
<status status="FAIL" starttime="20230302 11:27:07.879" endtime="20230302 11:27:08.240"/>
</kw>
<kw name="Sleep" library="BuiltIn">
<arg>5</arg>
<doc>Pauses the test executed for the given time.</doc>
<status status="NOT RUN" starttime="20230302 11:27:08.241" endtime="20230302 11:27:08.241"/>
</kw>
<status status="FAIL" starttime="20230302 11:26:58.435" endtime="20230302 11:27:08.241"/>
</kw>
<kw name="clicker sur un produit et passer la commande" library="choose4">
<arg>${clicker_Produit}</arg>
<arg>${Ajout_Panier}</arg>
<arg>${Commanderr}</arg>
<status status="NOT RUN" starttime="20230302 11:27:08.242" endtime="20230302 11:27:08.242"/>
</kw>
<kw name="valider la commande" library="CommandePage">
<arg>${Prénom}</arg>
<arg>${Nom}</arg>
<arg>${Nom_d_entreprise}</arg>
<arg>${Numéro_nom_de_rue}</arg>
<arg>${Ville}</arg>
<arg>${Région_Département}</arg>
<arg>${Code_postal}</arg>
<arg>${Téléphone}</arg>
<arg>${E_mail}</arg>
<status status="NOT RUN" starttime="20230302 11:27:08.242" endtime="20230302 11:27:08.243"/>
</kw>
<status status="FAIL" starttime="20230302 11:26:43.154" endtime="20230302 11:27:08.243">ElementNotInteractableException: Message: element not interactable
  (Session info: chrome=110.0.5481.177)
Stacktrace:
Backtrace:
	(No symbol) [0x003037D3]
	(No symbol) [0x00298B81]
	(No symbol) [0x0019B230]
	(No symbol) [0x001CE337]
	(No symbol) [0x001C3253]
	(No symbol) [0x001EB41C]
	(No symbol) [0x001C2B96]
	(No symbol) [0x001EB774]
	(No symbol) [0x00201215]
	(No symbol) [0x001EB216]
	(No symbol) [0x001C0D97]
	(No symbol) [0x001C253D]
	GetHandleVerifier [0x0057ABF2+2510930]
	GetHandleVerifier [0x005A8EC1+2700065]
	GetHandleVerifier [0x005AC86C+2714828]
	GetHandleVerifier [0x003B3480+645344]
	(No symbol) [0x002A0FD2]
	(No symbol) [0x002A6C68]
	(No symbol) [0x002A6D4B]
	(No symbol) [0x002B0D6B]
	BaseThreadInitThunk [0x75FF00F9+25]
	RtlGetAppContainerNamedObjectPath [0x76F77BBE+286]
	RtlGetAppContainerNamedObjectPath [0x76F77B8E+238]
	(No symbol) [0x00000000]
</status>
</test>
<doc>Cables et fils electrique-Fils de cable_Partie de Commande</doc>
<status status="FAIL" starttime="20230302 11:26:42.667" endtime="20230302 11:27:08.244"/>
</suite>
<status status="FAIL" starttime="20230302 11:26:42.632" endtime="20230302 11:27:08.246"/>
</suite>
<statistics>
<total>
<stat pass="0" fail="1" skip="0">All Tests</stat>
</total>
<tag>
</tag>
<suite>
<stat pass="0" fail="1" skip="0" id="s1" name="projet1- FILS DE CABLE - Commande">projet1- FILS DE CABLE - Commande</stat>
<stat pass="0" fail="1" skip="0" id="s1-s1" name="test4-Cat2">projet1- FILS DE CABLE - Commande.test4-Cat2</stat>
</suite>
</statistics>
<errors>
</errors>
</robot>
