<?xml version="1.0" encoding="UTF-8"?>
<robot generator="Robot 6.0.1 (Python 3.11.1 on win32)" generated="20230303 11:49:06.024" rpa="false" schemaversion="3">
<suite id="s1" name="pythonProject13" source="C:\Users\Ilham BOURHAIM\PycharmProjects\pythonProject13">
<suite id="s1-s1" name="projet1- FILS DE CABLE - Details de commande" source="C:\Users\Ilham BOURHAIM\PycharmProjects\pythonProject13\projet1- FILS DE CABLE - Details de commande">
<suite id="s1-s1-s1" name="test4-Acc" source="C:\Users\Ilham BOURHAIM\PycharmProjects\pythonProject13\projet1- FILS DE CABLE - Details de commande\test4-Acc.robot">
<test id="s1-s1-s1-t1" name="Details de commande_commande Non-valide" line="10">
<kw name="open the browser with URL" library="resources">
<kw name="Create Webdriver" library="SeleniumLibrary">
<arg>Chrome</arg>
<doc>Creates an instance of Selenium WebDriver.</doc>
<msg timestamp="20230303 11:49:06.693" level="INFO">Creating an instance of the Chrome WebDriver.</msg>
<status status="PASS" starttime="20230303 11:49:06.693" endtime="20230303 11:49:08.690"/>
</kw>
<kw name="Go To" library="SeleniumLibrary">
<arg>${URL}</arg>
<doc>Navigates the current browser window to the provided ``url``.</doc>
<msg timestamp="20230303 11:49:08.693" level="INFO">Opening url 'http://192.168.31.31/'</msg>
<status status="PASS" starttime="20230303 11:49:08.691" endtime="20230303 11:49:13.592"/>
</kw>
<kw name="Maximize Browser Window" library="SeleniumLibrary">
<doc>Maximizes current browser window.</doc>
<status status="PASS" starttime="20230303 11:49:13.592" endtime="20230303 11:49:13.883"/>
</kw>
<kw name="Sleep" library="BuiltIn">
<arg>6</arg>
<doc>Pauses the test executed for the given time.</doc>
<msg timestamp="20230303 11:49:19.884" level="INFO">Slept 6 seconds</msg>
<status status="PASS" starttime="20230303 11:49:13.883" endtime="20230303 11:49:19.884"/>
</kw>
<status status="PASS" starttime="20230303 11:49:06.693" endtime="20230303 11:49:19.884"/>
</kw>
<kw name="click an Cables et fils electrique-Fils de cable" library="clickAn_Acc">
<arg>${Câbles_fils1}</arg>
<arg>${FILS_CABLE}</arg>
<kw name="Click Element" library="SeleniumLibrary">
<arg>${Câbles_fils1}</arg>
<doc>Click the element identified by ``locator``.</doc>
<msg timestamp="20230303 11:49:19.887" level="INFO">Clicking element 'css:body.home.page-template-default.page.page-id-1039.theme-flatsome.woocommerce-js.yith-wcan-pro.lightbox.nav-dropdown-has-shadow.nav-dropdown-has-border.page-template-blank.page-template-blank-php:nth-child(2) div.content-area div.row:nth-child(3) div.col.small-12.large-12 div.col-inner div.row.row-small.row-full-width div.col.medium-12.small-12.large-6:nth-child(1) div.col-inner div.row.row-small div.col.medium-6.small-12.large-6:nth-child(1) div.col-inner div.box.has-hover.has-hover.box-overlay.dark.box-text-middle:nth-child(3) div.box-text.text-center div.box-text-inner a.button.primary &gt; span:nth-child(1)'.</msg>
<status status="PASS" starttime="20230303 11:49:19.884" endtime="20230303 11:49:21.758"/>
</kw>
<kw name="Sleep" library="BuiltIn">
<arg>5</arg>
<doc>Pauses the test executed for the given time.</doc>
<msg timestamp="20230303 11:49:26.763" level="INFO">Slept 5 seconds</msg>
<status status="PASS" starttime="20230303 11:49:21.759" endtime="20230303 11:49:26.766"/>
</kw>
<kw name="Click Element" library="SeleniumLibrary">
<arg>${FILS_CABLE}</arg>
<doc>Click the element identified by ``locator``.</doc>
<msg timestamp="20230303 11:49:26.770" level="INFO">Clicking element 'css:body.page-template-default.page.page-id-837.theme-flatsome.woocommerce-js.yith-wcan-pro.lightbox.nav-dropdown-has-shadow.nav-dropdown-has-border.page-template-blank.page-template-blank-php:nth-child(2) div.content-area section.section:nth-child(3) div.section-content.relative:nth-child(2) div.row div.col.medium-4.small-12.large-4:nth-child(3) div.col-inner.box-shadow-3:nth-child(1) div.row.row-collapse div.col.medium-8.large-8:nth-child(2) div.col-inner h3:nth-child(2) &gt; a:nth-child(1)'.</msg>
<status status="PASS" starttime="20230303 11:49:26.767" endtime="20230303 11:49:30.628"/>
</kw>
<kw name="Sleep" library="BuiltIn">
<arg>4</arg>
<doc>Pauses the test executed for the given time.</doc>
<msg timestamp="20230303 11:49:34.631" level="INFO">Slept 4 seconds</msg>
<status status="PASS" starttime="20230303 11:49:30.629" endtime="20230303 11:49:34.631"/>
</kw>
<status status="PASS" starttime="20230303 11:49:19.884" endtime="20230303 11:49:34.631"/>
</kw>
<kw name="clicker sur un produit et passer la commande" library="Choose4">
<arg>${clicker_Produit}</arg>
<arg>${Ajout_Panier}</arg>
<arg>${Commanderr}</arg>
<kw name="Sleep" library="BuiltIn">
<arg>6</arg>
<doc>Pauses the test executed for the given time.</doc>
<msg timestamp="20230303 11:49:40.634" level="INFO">Slept 6 seconds</msg>
<status status="PASS" starttime="20230303 11:49:34.633" endtime="20230303 11:49:40.634"/>
</kw>
<kw name="Click Element" library="SeleniumLibrary">
<arg>${clicker_Produit}</arg>
<doc>Click the element identified by ``locator``.</doc>
<msg timestamp="20230303 11:49:40.634" level="INFO">Clicking element 'xpath://a[contains(text(),'cable souple 16mm')]'.</msg>
<status status="PASS" starttime="20230303 11:49:40.634" endtime="20230303 11:49:45.112"/>
</kw>
<kw name="Sleep" library="BuiltIn">
<arg>5</arg>
<doc>Pauses the test executed for the given time.</doc>
<msg timestamp="20230303 11:49:50.113" level="INFO">Slept 5 seconds</msg>
<status status="PASS" starttime="20230303 11:49:45.112" endtime="20230303 11:49:50.114"/>
</kw>
<kw name="Click Element" library="SeleniumLibrary">
<arg>${Ajout_Panier}</arg>
<doc>Click the element identified by ``locator``.</doc>
<msg timestamp="20230303 11:49:50.116" level="INFO">Clicking element 'xpath://button[contains(text(),'Ajouter au panier')]'.</msg>
<status status="PASS" starttime="20230303 11:49:50.114" endtime="20230303 11:49:52.907"/>
</kw>
<kw name="Sleep" library="BuiltIn">
<arg>3</arg>
<doc>Pauses the test executed for the given time.</doc>
<msg timestamp="20230303 11:49:55.912" level="INFO">Slept 3 seconds</msg>
<status status="PASS" starttime="20230303 11:49:52.908" endtime="20230303 11:49:55.912"/>
</kw>
<kw name="Click Element" library="SeleniumLibrary">
<arg>${Commanderr}</arg>
<doc>Click the element identified by ``locator``.</doc>
<msg timestamp="20230303 11:49:55.912" level="INFO">Clicking element 'xpath://header/div[1]/div[1]/div[1]/div[4]/ul[1]/li[3]/ul[1]/li[1]/div[1]/p[2]/a[2]'.</msg>
<msg timestamp="20230303 11:49:56.312" level="INFO" html="true">&lt;/td&gt;&lt;/tr&gt;&lt;tr&gt;&lt;td colspan="3"&gt;&lt;a href="selenium-screenshot-1.png"&gt;&lt;img src="selenium-screenshot-1.png" width="800px"&gt;&lt;/a&gt;</msg>
<msg timestamp="20230303 11:49:56.312" level="FAIL">StaleElementReferenceException: Message: stale element reference: element is not attached to the page document
  (Session info: chrome=110.0.5481.177)
Stacktrace:
Backtrace:
	(No symbol) [0x012037D3]
	(No symbol) [0x01198B81]
	(No symbol) [0x0109B36D]
	(No symbol) [0x0109E0FB]
	(No symbol) [0x0109DFD0]
	(No symbol) [0x0109E250]
	(No symbol) [0x010CF0C9]
	(No symbol) [0x010C30ED]
	(No symbol) [0x010EB41C]
	(No symbol) [0x010C2B96]
	(No symbol) [0x010EB774]
	(No symbol) [0x01101215]
	(No symbol) [0x010EB216]
	(No symbol) [0x010C0D97]
	(No symbol) [0x010C253D]
	GetHandleVerifier [0x0147ABF2+2510930]
	GetHandleVerifier [0x014A8EC1+2700065]
	GetHandleVerifier [0x014AC86C+2714828]
	GetHandleVerifier [0x012B3480+645344]
	(No symbol) [0x011A0FD2]
	(No symbol) [0x011A6C68]
	(No symbol) [0x011A6D4B]
	(No symbol) [0x011B0D6B]
	BaseThreadInitThunk [0x75FF00F9+25]
	RtlGetAppContainerNamedObjectPath [0x76F77BBE+286]
	RtlGetAppContainerNamedObjectPath [0x76F77B8E+238]
</msg>
<status status="FAIL" starttime="20230303 11:49:55.912" endtime="20230303 11:49:56.313"/>
</kw>
<kw name="Sleep" library="BuiltIn">
<arg>5</arg>
<doc>Pauses the test executed for the given time.</doc>
<status status="NOT RUN" starttime="20230303 11:49:56.313" endtime="20230303 11:49:56.313"/>
</kw>
<status status="FAIL" starttime="20230303 11:49:34.632" endtime="20230303 11:49:56.313"/>
</kw>
<kw name="entrer les details de la commande" library="CommandePage4">
<arg>${Prénom}</arg>
<arg>${Nom}</arg>
<arg>${Nom_d_entreprise}</arg>
<arg>${Numéro_nom_de_rue}</arg>
<arg>${Ville}</arg>
<arg>${Région_Département}</arg>
<arg>${Code_postal}</arg>
<arg>${Téléphone}</arg>
<arg>${E_mail}</arg>
<status status="NOT RUN" starttime="20230303 11:49:56.323" endtime="20230303 11:49:56.324"/>
</kw>
<kw name="Wait until it checks" library="CommandePage4">
<status status="NOT RUN" starttime="20230303 11:49:56.324" endtime="20230303 11:49:56.324"/>
</kw>
<status status="FAIL" starttime="20230303 11:49:06.693" endtime="20230303 11:49:56.324">StaleElementReferenceException: Message: stale element reference: element is not attached to the page document
  (Session info: chrome=110.0.5481.177)
Stacktrace:
Backtrace:
	(No symbol) [0x012037D3]
	(No symbol) [0x01198B81]
	(No symbol) [0x0109B36D]
	(No symbol) [0x0109E0FB]
	(No symbol) [0x0109DFD0]
	(No symbol) [0x0109E250]
	(No symbol) [0x010CF0C9]
	(No symbol) [0x010C30ED]
	(No symbol) [0x010EB41C]
	(No symbol) [0x010C2B96]
	(No symbol) [0x010EB774]
	(No symbol) [0x01101215]
	(No symbol) [0x010EB216]
	(No symbol) [0x010C0D97]
	(No symbol) [0x010C253D]
	GetHandleVerifier [0x0147ABF2+2510930]
	GetHandleVerifier [0x014A8EC1+2700065]
	GetHandleVerifier [0x014AC86C+2714828]
	GetHandleVerifier [0x012B3480+645344]
	(No symbol) [0x011A0FD2]
	(No symbol) [0x011A6C68]
	(No symbol) [0x011A6D4B]
	(No symbol) [0x011B0D6B]
	BaseThreadInitThunk [0x75FF00F9+25]
	RtlGetAppContainerNamedObjectPath [0x76F77BBE+286]
	RtlGetAppContainerNamedObjectPath [0x76F77B8E+238]
</status>
</test>
<doc>Details de commande</doc>
<status status="FAIL" starttime="20230303 11:49:06.107" endtime="20230303 11:49:56.324"/>
</suite>
<status status="FAIL" starttime="20230303 11:49:06.103" endtime="20230303 11:49:56.327"/>
</suite>
<status status="FAIL" starttime="20230303 11:49:06.052" endtime="20230303 11:49:56.327"/>
</suite>
<statistics>
<total>
<stat pass="0" fail="1" skip="0">All Tests</stat>
</total>
<tag>
</tag>
<suite>
<stat pass="0" fail="1" skip="0" id="s1" name="pythonProject13">pythonProject13</stat>
<stat pass="0" fail="1" skip="0" id="s1-s1" name="projet1- FILS DE CABLE - Details de commande">pythonProject13.projet1- FILS DE CABLE - Details de commande</stat>
<stat pass="0" fail="1" skip="0" id="s1-s1-s1" name="test4-Acc">pythonProject13.projet1- FILS DE CABLE - Details de commande.test4-Acc</stat>
</suite>
</statistics>
<errors>
</errors>
</robot>
