<?xml version="1.0" encoding="UTF-8"?>
<robot generator="Robot 6.0.1 (Python 3.11.1 on win32)" generated="20230227 13:29:17.613" rpa="false" schemaversion="3">
<suite id="s1" name="TestCases Fils Projet1" source="C:\Users\Ilham BOURHAIM\PycharmProjects\LoginTest\TestCases_Fils_Projet1">
<suite id="s1-s1" name="Test3" source="C:\Users\Ilham BOURHAIM\PycharmProjects\LoginTest\TestCases_Fils_Projet1\test3.robot">
<test id="s1-s1-t1" name="Cables et fils electrique-Fils de cable" line="20">
<kw name="open the browser with URL" library="test3">
<arg>${Browser}</arg>
<arg>${URL}</arg>
<kw name="Create Webdriver" library="SeleniumLibrary">
<arg>${Browser}</arg>
<doc>Creates an instance of Selenium WebDriver.</doc>
<msg timestamp="20230227 13:29:19.973" level="INFO">Creating an instance of the Chrome WebDriver.</msg>
<status status="PASS" starttime="20230227 13:29:19.972" endtime="20230227 13:29:22.640"/>
</kw>
<kw name="Go To" library="SeleniumLibrary">
<arg>${URL}</arg>
<doc>Navigates the current browser window to the provided ``url``.</doc>
<msg timestamp="20230227 13:29:22.641" level="INFO">Opening url 'http://192.168.31.31/'</msg>
<status status="PASS" starttime="20230227 13:29:22.641" endtime="20230227 13:29:25.922"/>
</kw>
<kw name="Sleep" library="BuiltIn">
<arg>3</arg>
<doc>Pauses the test executed for the given time.</doc>
<msg timestamp="20230227 13:29:28.926" level="INFO">Slept 3 seconds</msg>
<status status="PASS" starttime="20230227 13:29:25.924" endtime="20230227 13:29:28.926"/>
</kw>
<status status="PASS" starttime="20230227 13:29:19.966" endtime="20230227 13:29:28.927"/>
</kw>
<kw name="clicker sur Cables et fils electrique - Fils de cable" library="test3">
<arg>${Categories}</arg>
<arg>${Câbles_fils_electrique}</arg>
<arg>${FILS_DE_CABLE}</arg>
<kw name="Click Element" library="SeleniumLibrary">
<arg>${Categories}</arg>
<doc>Click the element identified by ``locator``.</doc>
<msg timestamp="20230227 13:29:28.930" level="INFO">Clicking element 'xpath://span[contains(text(),'Categories')]'.</msg>
<msg timestamp="20230227 13:29:51.366" level="WARN">Keyword 'Capture Page Screenshot' could not be run on failure: Message: disconnected: not connected to DevTools
  (failed to check if window was closed: disconnected: not connected to DevTools)
  (Session info: chrome=110.0.5481.177)
Stacktrace:
Backtrace:
	(No symbol) [0x005C37D3]
	(No symbol) [0x00558B81]
	(No symbol) [0x0045B36D]
	(No symbol) [0x0044CB66]
	(No symbol) [0x0044C889]
	(No symbol) [0x0045CB00]
	(No symbol) [0x004C0AA0]
	(No symbol) [0x004AB216]
	(No symbol) [0x00480D97]
	(No symbol) [0x0048253D]
	GetHandleVerifier [0x0083ABF2+2510930]
	GetHandleVerifier [0x00868EC1+2700065]
	GetHandleVerifier [0x0086C86C+2714828]
	GetHandleVerifier [0x00673480+645344]
	(No symbol) [0x00560FD2]
	(No symbol) [0x00566C68]
	(No symbol) [0x00566D4B]
	(No symbol) [0x00570D6B]
	BaseThreadInitThunk [0x75FF00F9+25]
	RtlGetAppContainerNamedObjectPath [0x76F77BBE+286]
	RtlGetAppContainerNamedObjectPath [0x76F77B8E+238]
</msg>
<msg timestamp="20230227 13:29:51.367" level="FAIL">WebDriverException: Message: disconnected: unable to send message to renderer
  (failed to check if window was closed: disconnected: not connected to DevTools)
  (Session info: chrome=110.0.5481.177)
Stacktrace:
Backtrace:
	(No symbol) [0x005C37D3]
	(No symbol) [0x00558B81]
	(No symbol) [0x0045B36D]
	(No symbol) [0x0044BE8F]
	(No symbol) [0x0044C63A]
	(No symbol) [0x004645AE]
	(No symbol) [0x0045DBC0]
	(No symbol) [0x0045D703]
	(No symbol) [0x0045DF6C]
	(No symbol) [0x0045E250]
	(No symbol) [0x0048CFEC]
	(No symbol) [0x0048D4BB]
	(No symbol) [0x004C333C]
	(No symbol) [0x004AB464]
	(No symbol) [0x004C1215]
	(No symbol) [0x004AB216]
	(No symbol) [0x00480D97]
	(No symbol) [0x0048253D]
	GetHandleVerifier [0x0083ABF2+2510930]
	GetHandleVerifier [0x00868EC1+2700065]
	GetHandleVerifier [0x0086C86C+2714828]
	GetHandleVerifier [0x00673480+645344]
	(No symbol) [0x00560FD2]
	(No symbol) [0x00566C68]
	(No symbol) [0x00566D4B]
	(No symbol) [0x00570D6B]
	BaseThreadInitThunk [0x75FF00F9+25]
	RtlGetAppContainerNamedObjectPath [0x76F77BBE+286]
	RtlGetAppContainerNamedObjectPath [0x76F77B8E+238]
</msg>
<status status="FAIL" starttime="20230227 13:29:28.928" endtime="20230227 13:29:51.375"/>
</kw>
<kw name="Sleep" library="BuiltIn">
<arg>4</arg>
<doc>Pauses the test executed for the given time.</doc>
<status status="NOT RUN" starttime="20230227 13:29:51.376" endtime="20230227 13:29:51.376"/>
</kw>
<kw name="Click Element" library="SeleniumLibrary">
<arg>${Câbles_fils_electrique}</arg>
<doc>Click the element identified by ``locator``.</doc>
<status status="NOT RUN" starttime="20230227 13:29:51.377" endtime="20230227 13:29:51.377"/>
</kw>
<kw name="Sleep" library="BuiltIn">
<arg>5</arg>
<doc>Pauses the test executed for the given time.</doc>
<status status="NOT RUN" starttime="20230227 13:29:51.377" endtime="20230227 13:29:51.378"/>
</kw>
<kw name="Click Element" library="SeleniumLibrary">
<arg>${FILS_DE_CABLE}</arg>
<doc>Click the element identified by ``locator``.</doc>
<status status="NOT RUN" starttime="20230227 13:29:51.378" endtime="20230227 13:29:51.379"/>
</kw>
<kw name="Sleep" library="BuiltIn">
<arg>3</arg>
<doc>Pauses the test executed for the given time.</doc>
<status status="NOT RUN" starttime="20230227 13:29:51.379" endtime="20230227 13:29:51.379"/>
</kw>
<status status="FAIL" starttime="20230227 13:29:28.927" endtime="20230227 13:29:51.380"/>
</kw>
<kw name="filtrer les produits by attribute" library="test3">
<arg>${Fabricant}</arg>
<arg>${Couleur}</arg>
<arg>${Isolation}</arg>
<arg>${Le_type}</arg>
<arg>${Matériau_conducteur}</arg>
<arg>${Mesure_du_fil}</arg>
<arg>${Taille_Dimension}</arg>
<arg>${Température}</arg>
<arg>${Tension}</arg>
<status status="NOT RUN" starttime="20230227 13:29:51.380" endtime="20230227 13:29:51.381"/>
</kw>
<status status="FAIL" starttime="20230227 13:29:19.964" endtime="20230227 13:29:51.381">WebDriverException: Message: disconnected: unable to send message to renderer
  (failed to check if window was closed: disconnected: not connected to DevTools)
  (Session info: chrome=110.0.5481.177)
Stacktrace:
Backtrace:
	(No symbol) [0x005C37D3]
	(No symbol) [0x00558B81]
	(No symbol) [0x0045B36D]
	(No symbol) [0x0044BE8F]
	(No symbol) [0x0044C63A]
	(No symbol) [0x004645AE]
	(No symbol) [0x0045DBC0]
	(No symbol) [0x0045D703]
	(No symbol) [0x0045DF6C]
	(No symbol) [0x0045E250]
	(No symbol) [0x0048CFEC]
	(No symbol) [0x0048D4BB]
	(No symbol) [0x004C333C]
	(No symbol) [0x004AB464]
	(No symbol) [0x004C1215]
	(No symbol) [0x004AB216]
	(No symbol) [0x00480D97]
	(No symbol) [0x0048253D]
	GetHandleVerifier [0x0083ABF2+2510930]
	GetHandleVerifier [0x00868EC1+2700065]
	GetHandleVerifier [0x0086C86C+2714828]
	GetHandleVerifier [0x00673480+645344]
	(No symbol) [0x00560FD2]
	(No symbol) [0x00566C68]
	(No symbol) [0x00566D4B]
	(No symbol) [0x00570D6B]
	BaseThreadInitThunk [0x75FF00F9+25]
	RtlGetAppContainerNamedObjectPath [0x76F77BBE+286]
	RtlGetAppContainerNamedObjectPath [0x76F77B8E+238]
</status>
</test>
<doc>Cables et fils electrique-Fils de cable_Partie des filtre</doc>
<status status="FAIL" starttime="20230227 13:29:17.743" endtime="20230227 13:29:51.383"/>
</suite>
<status status="FAIL" starttime="20230227 13:29:17.651" endtime="20230227 13:29:51.387"/>
</suite>
<statistics>
<total>
<stat pass="0" fail="1" skip="0">All Tests</stat>
</total>
<tag>
</tag>
<suite>
<stat pass="0" fail="1" skip="0" id="s1" name="TestCases Fils Projet1">TestCases Fils Projet1</stat>
<stat pass="0" fail="1" skip="0" id="s1-s1" name="Test3">TestCases Fils Projet1.Test3</stat>
</suite>
</statistics>
<errors>
<msg timestamp="20230227 13:29:51.366" level="WARN">Keyword 'Capture Page Screenshot' could not be run on failure: Message: disconnected: not connected to DevTools
  (failed to check if window was closed: disconnected: not connected to DevTools)
  (Session info: chrome=110.0.5481.177)
Stacktrace:
Backtrace:
	(No symbol) [0x005C37D3]
	(No symbol) [0x00558B81]
	(No symbol) [0x0045B36D]
	(No symbol) [0x0044CB66]
	(No symbol) [0x0044C889]
	(No symbol) [0x0045CB00]
	(No symbol) [0x004C0AA0]
	(No symbol) [0x004AB216]
	(No symbol) [0x00480D97]
	(No symbol) [0x0048253D]
	GetHandleVerifier [0x0083ABF2+2510930]
	GetHandleVerifier [0x00868EC1+2700065]
	GetHandleVerifier [0x0086C86C+2714828]
	GetHandleVerifier [0x00673480+645344]
	(No symbol) [0x00560FD2]
	(No symbol) [0x00566C68]
	(No symbol) [0x00566D4B]
	(No symbol) [0x00570D6B]
	BaseThreadInitThunk [0x75FF00F9+25]
	RtlGetAppContainerNamedObjectPath [0x76F77BBE+286]
	RtlGetAppContainerNamedObjectPath [0x76F77B8E+238]
</msg>
</errors>
</robot>
