<?xml version="1.0" encoding="UTF-8"?>
<robot generator="Robot 6.0.1 (Python 3.11.1 on win32)" generated="20230303 11:54:45.522" rpa="false" schemaversion="3">
<suite id="s1" name="pythonProject13" source="C:\Users\Ilham BOURHAIM\PycharmProjects\pythonProject13">
<suite id="s1-s1" name="Projet1- FILS DE CABLE - Filtre TestCases" source="C:\Users\Ilham BOURHAIM\PycharmProjects\pythonProject13\Projet1- FILS DE CABLE - Filtre_TestCases">
<suite id="s1-s1-s1" name="Test1" source="C:\Users\Ilham BOURHAIM\PycharmProjects\pythonProject13\Projet1- FILS DE CABLE - Filtre_TestCases\test1.robot">
<test id="s1-s1-s1-t1" name="Cables et fils electrique-Fils de cable" line="9">
<kw name="open the browser with URL" library="resources">
<kw name="Create Webdriver" library="SeleniumLibrary">
<arg>Chrome</arg>
<doc>Creates an instance of Selenium WebDriver.</doc>
<msg timestamp="20230303 11:54:45.929" level="INFO">Creating an instance of the Chrome WebDriver.</msg>
<status status="PASS" starttime="20230303 11:54:45.928" endtime="20230303 11:54:47.764"/>
</kw>
<kw name="Go To" library="SeleniumLibrary">
<arg>${URL}</arg>
<doc>Navigates the current browser window to the provided ``url``.</doc>
<msg timestamp="20230303 11:54:47.765" level="INFO">Opening url 'http://192.168.31.31/'</msg>
<status status="PASS" starttime="20230303 11:54:47.764" endtime="20230303 11:54:52.273"/>
</kw>
<kw name="Maximize Browser Window" library="SeleniumLibrary">
<doc>Maximizes current browser window.</doc>
<status status="PASS" starttime="20230303 11:54:52.275" endtime="20230303 11:54:52.538"/>
</kw>
<kw name="Sleep" library="BuiltIn">
<arg>6</arg>
<doc>Pauses the test executed for the given time.</doc>
<msg timestamp="20230303 11:54:58.543" level="INFO">Slept 6 seconds</msg>
<status status="PASS" starttime="20230303 11:54:52.541" endtime="20230303 11:54:58.543"/>
</kw>
<status status="PASS" starttime="20230303 11:54:45.928" endtime="20230303 11:54:58.543"/>
</kw>
<kw name="clicker sur Cables et fils electrique - Fils de cable" library="test1-filtre">
<arg>${Categories}</arg>
<arg>${Câbles_fils_electrique}</arg>
<arg>${FILS_DE_CABLE}</arg>
<kw name="Click Element" library="SeleniumLibrary">
<arg>${Categories}</arg>
<doc>Click the element identified by ``locator``.</doc>
<msg timestamp="20230303 11:54:58.548" level="INFO">Clicking element 'xpath://span[contains(text(),'Categories')]'.</msg>
<status status="PASS" starttime="20230303 11:54:58.545" endtime="20230303 11:54:58.667"/>
</kw>
<kw name="Sleep" library="BuiltIn">
<arg>5</arg>
<doc>Pauses the test executed for the given time.</doc>
<msg timestamp="20230303 11:55:03.668" level="INFO">Slept 5 seconds</msg>
<status status="PASS" starttime="20230303 11:54:58.667" endtime="20230303 11:55:03.668"/>
</kw>
<kw name="Click Element" library="SeleniumLibrary">
<arg>${Câbles_fils_electrique}</arg>
<doc>Click the element identified by ``locator``.</doc>
<msg timestamp="20230303 11:55:03.669" level="INFO">Clicking element 'xpath://header/div[1]/div[2]/div[1]/div[1]/ul[1]/li[2]/div[2]/div[1]/ul[1]/li[2]/a[1]'.</msg>
<msg timestamp="20230303 11:55:04.024" level="INFO" html="true">&lt;/td&gt;&lt;/tr&gt;&lt;tr&gt;&lt;td colspan="3"&gt;&lt;a href="selenium-screenshot-1.png"&gt;&lt;img src="selenium-screenshot-1.png" width="800px"&gt;&lt;/a&gt;</msg>
<msg timestamp="20230303 11:55:04.024" level="FAIL">ElementNotInteractableException: Message: element not interactable
  (Session info: chrome=110.0.5481.177)
Stacktrace:
Backtrace:
	(No symbol) [0x012037D3]
	(No symbol) [0x01198B81]
	(No symbol) [0x0109B230]
	(No symbol) [0x010CE337]
	(No symbol) [0x010C3253]
	(No symbol) [0x010EB41C]
	(No symbol) [0x010C2B96]
	(No symbol) [0x010EB774]
	(No symbol) [0x01101215]
	(No symbol) [0x010EB216]
	(No symbol) [0x010C0D97]
	(No symbol) [0x010C253D]
	GetHandleVerifier [0x0147ABF2+2510930]
	GetHandleVerifier [0x014A8EC1+2700065]
	GetHandleVerifier [0x014AC86C+2714828]
	GetHandleVerifier [0x012B3480+645344]
	(No symbol) [0x011A0FD2]
	(No symbol) [0x011A6C68]
	(No symbol) [0x011A6D4B]
	(No symbol) [0x011B0D6B]
	BaseThreadInitThunk [0x75FF00F9+25]
	RtlGetAppContainerNamedObjectPath [0x76F77BBE+286]
	RtlGetAppContainerNamedObjectPath [0x76F77B8E+238]
</msg>
<status status="FAIL" starttime="20230303 11:55:03.668" endtime="20230303 11:55:04.027"/>
</kw>
<kw name="Sleep" library="BuiltIn">
<arg>5</arg>
<doc>Pauses the test executed for the given time.</doc>
<status status="NOT RUN" starttime="20230303 11:55:04.028" endtime="20230303 11:55:04.028"/>
</kw>
<kw name="Click Element" library="SeleniumLibrary">
<arg>${FILS_DE_CABLE}</arg>
<doc>Click the element identified by ``locator``.</doc>
<status status="NOT RUN" starttime="20230303 11:55:04.028" endtime="20230303 11:55:04.028"/>
</kw>
<kw name="Sleep" library="BuiltIn">
<arg>5</arg>
<doc>Pauses the test executed for the given time.</doc>
<status status="NOT RUN" starttime="20230303 11:55:04.029" endtime="20230303 11:55:04.029"/>
</kw>
<status status="FAIL" starttime="20230303 11:54:58.544" endtime="20230303 11:55:04.029"/>
</kw>
<kw name="filtrer les produits by attribute" library="test1-filtre">
<arg>${Fabricant}</arg>
<arg>${Couleur}</arg>
<arg>${Isolation}</arg>
<arg>${Le_type}</arg>
<arg>${Matériau_conducteur}</arg>
<arg>${Mesure_du_fil}</arg>
<arg>${Taille_Dimension}</arg>
<arg>${Température}</arg>
<arg>${Tension}</arg>
<status status="NOT RUN" starttime="20230303 11:55:04.029" endtime="20230303 11:55:04.029"/>
</kw>
<status status="FAIL" starttime="20230303 11:54:45.926" endtime="20230303 11:55:04.030">ElementNotInteractableException: Message: element not interactable
  (Session info: chrome=110.0.5481.177)
Stacktrace:
Backtrace:
	(No symbol) [0x012037D3]
	(No symbol) [0x01198B81]
	(No symbol) [0x0109B230]
	(No symbol) [0x010CE337]
	(No symbol) [0x010C3253]
	(No symbol) [0x010EB41C]
	(No symbol) [0x010C2B96]
	(No symbol) [0x010EB774]
	(No symbol) [0x01101215]
	(No symbol) [0x010EB216]
	(No symbol) [0x010C0D97]
	(No symbol) [0x010C253D]
	GetHandleVerifier [0x0147ABF2+2510930]
	GetHandleVerifier [0x014A8EC1+2700065]
	GetHandleVerifier [0x014AC86C+2714828]
	GetHandleVerifier [0x012B3480+645344]
	(No symbol) [0x011A0FD2]
	(No symbol) [0x011A6C68]
	(No symbol) [0x011A6D4B]
	(No symbol) [0x011B0D6B]
	BaseThreadInitThunk [0x75FF00F9+25]
	RtlGetAppContainerNamedObjectPath [0x76F77BBE+286]
	RtlGetAppContainerNamedObjectPath [0x76F77B8E+238]
</status>
</test>
<doc>Cables et fils electrique-Fils de cable_Partie des filtre</doc>
<status status="FAIL" starttime="20230303 11:54:45.579" endtime="20230303 11:55:04.030"/>
</suite>
<status status="FAIL" starttime="20230303 11:54:45.574" endtime="20230303 11:55:04.032"/>
</suite>
<status status="FAIL" starttime="20230303 11:54:45.541" endtime="20230303 11:55:04.034"/>
</suite>
<statistics>
<total>
<stat pass="0" fail="1" skip="0">All Tests</stat>
</total>
<tag>
</tag>
<suite>
<stat pass="0" fail="1" skip="0" id="s1" name="pythonProject13">pythonProject13</stat>
<stat pass="0" fail="1" skip="0" id="s1-s1" name="Projet1- FILS DE CABLE - Filtre TestCases">pythonProject13.Projet1- FILS DE CABLE - Filtre TestCases</stat>
<stat pass="0" fail="1" skip="0" id="s1-s1-s1" name="Test1">pythonProject13.Projet1- FILS DE CABLE - Filtre TestCases.Test1</stat>
</suite>
</statistics>
<errors>
</errors>
</robot>
