<?xml version="1.0" encoding="UTF-8"?>
<robot generator="Robot 6.0.1 (Python 3.11.1 on win32)" generated="20230227 13:28:57.489" rpa="false" schemaversion="3">
<suite id="s1" name="TestCases Fils Projet1" source="C:\Users\Ilham BOURHAIM\PycharmProjects\LoginTest\TestCases_Fils_Projet1">
<suite id="s1-s1" name="Test1" source="C:\Users\Ilham BOURHAIM\PycharmProjects\LoginTest\TestCases_Fils_Projet1\test1.robot">
<test id="s1-s1-t1" name="Cables et fils electrique-Fils de cable" line="20">
<kw name="open the browser with URL" library="test1">
<arg>${Browser}</arg>
<arg>${URL}</arg>
<kw name="Create Webdriver" library="SeleniumLibrary">
<arg>${Browser}</arg>
<doc>Creates an instance of Selenium WebDriver.</doc>
<msg timestamp="20230227 13:28:58.072" level="INFO">Creating an instance of the Chrome WebDriver.</msg>
<status status="PASS" starttime="20230227 13:28:58.072" endtime="20230227 13:29:03.857"/>
</kw>
<kw name="Go To" library="SeleniumLibrary">
<arg>${URL}</arg>
<doc>Navigates the current browser window to the provided ``url``.</doc>
<msg timestamp="20230227 13:29:03.859" level="INFO">Opening url 'http://192.168.31.31/'</msg>
<status status="PASS" starttime="20230227 13:29:03.857" endtime="20230227 13:29:11.690"/>
</kw>
<status status="PASS" starttime="20230227 13:28:58.070" endtime="20230227 13:29:11.691"/>
</kw>
<kw name="clicker sur Cables et fils electrique - Fils de cable" library="test1">
<arg>${Categories}</arg>
<arg>${Câbles_fils_electrique}</arg>
<arg>${FILS_DE_CABLE}</arg>
<kw name="Click Element" library="SeleniumLibrary">
<arg>${Categories}</arg>
<doc>Click the element identified by ``locator``.</doc>
<msg timestamp="20230227 13:29:11.695" level="INFO">Clicking element 'xpath://span[contains(text(),'Categories')]'.</msg>
<status status="PASS" starttime="20230227 13:29:11.693" endtime="20230227 13:29:12.344"/>
</kw>
<kw name="Sleep" library="BuiltIn">
<arg>5</arg>
<doc>Pauses the test executed for the given time.</doc>
<msg timestamp="20230227 13:29:17.346" level="INFO">Slept 5 seconds</msg>
<status status="PASS" starttime="20230227 13:29:12.345" endtime="20230227 13:29:17.346"/>
</kw>
<kw name="Click Element" library="SeleniumLibrary">
<arg>${Câbles_fils_electrique}</arg>
<doc>Click the element identified by ``locator``.</doc>
<msg timestamp="20230227 13:29:17.348" level="INFO">Clicking element 'xpath://header/div[1]/div[2]/div[1]/div[1]/ul[1]/li[2]/div[2]/div[1]/ul[1]/li[2]/a[1]'.</msg>
<status status="PASS" starttime="20230227 13:29:17.346" endtime="20230227 13:29:19.629"/>
</kw>
<kw name="Sleep" library="BuiltIn">
<arg>5</arg>
<doc>Pauses the test executed for the given time.</doc>
<msg timestamp="20230227 13:29:24.631" level="INFO">Slept 5 seconds</msg>
<status status="PASS" starttime="20230227 13:29:19.630" endtime="20230227 13:29:24.631"/>
</kw>
<kw name="Click Element" library="SeleniumLibrary">
<arg>${FILS_DE_CABLE}</arg>
<doc>Click the element identified by ``locator``.</doc>
<msg timestamp="20230227 13:29:24.633" level="INFO">Clicking element 'css:body.page-template-default.page.page-id-837.theme-flatsome.woocommerce-js.yith-wcan-pro.lightbox.nav-dropdown-has-shadow.nav-dropdown-has-border.page-template-blank.page-template-blank-php:nth-child(2) div.content-area section.section:nth-child(3) div.section-content.relative:nth-child(2) div.row div.col.medium-4.small-12.large-4:nth-child(3) div.col-inner.box-shadow-3:nth-child(1) div.row.row-collapse div.col.medium-8.large-8:nth-child(2) div.col-inner h3:nth-child(2) &gt; a:nth-child(1)'.</msg>
<msg timestamp="20230227 13:29:24.778" level="WARN">Keyword 'Capture Page Screenshot' could not be run on failure: Message: no such window: target window already closed
from unknown error: web view not found
  (Session info: chrome=110.0.5481.177)
Stacktrace:
Backtrace:
	(No symbol) [0x005C37D3]
	(No symbol) [0x00558B81]
	(No symbol) [0x0045B36D]
	(No symbol) [0x0043E5DA]
	(No symbol) [0x004AF0CB]
	(No symbol) [0x004C0A56]
	(No symbol) [0x004AB216]
	(No symbol) [0x00480D97]
	(No symbol) [0x0048253D]
	GetHandleVerifier [0x0083ABF2+2510930]
	GetHandleVerifier [0x00868EC1+2700065]
	GetHandleVerifier [0x0086C86C+2714828]
	GetHandleVerifier [0x00673480+645344]
	(No symbol) [0x00560FD2]
	(No symbol) [0x00566C68]
	(No symbol) [0x00566D4B]
	(No symbol) [0x00570D6B]
	BaseThreadInitThunk [0x75FF00F9+25]
	RtlGetAppContainerNamedObjectPath [0x76F77BBE+286]
	RtlGetAppContainerNamedObjectPath [0x76F77B8E+238]
</msg>
<msg timestamp="20230227 13:29:24.780" level="FAIL">NoSuchWindowException: Message: no such window: target window already closed
from unknown error: web view not found
  (Session info: chrome=110.0.5481.177)
Stacktrace:
Backtrace:
	(No symbol) [0x005C37D3]
	(No symbol) [0x00558B81]
	(No symbol) [0x0045B36D]
	(No symbol) [0x0043E5DA]
	(No symbol) [0x004AF0CB]
	(No symbol) [0x004C0A56]
	(No symbol) [0x004AB216]
	(No symbol) [0x00480D97]
	(No symbol) [0x0048253D]
	GetHandleVerifier [0x0083ABF2+2510930]
	GetHandleVerifier [0x00868EC1+2700065]
	GetHandleVerifier [0x0086C86C+2714828]
	GetHandleVerifier [0x00673480+645344]
	(No symbol) [0x00560FD2]
	(No symbol) [0x00566C68]
	(No symbol) [0x00566D4B]
	(No symbol) [0x00570D6B]
	BaseThreadInitThunk [0x75FF00F9+25]
	RtlGetAppContainerNamedObjectPath [0x76F77BBE+286]
	RtlGetAppContainerNamedObjectPath [0x76F77B8E+238]
</msg>
<status status="FAIL" starttime="20230227 13:29:24.631" endtime="20230227 13:29:24.787"/>
</kw>
<kw name="Sleep" library="BuiltIn">
<arg>5</arg>
<doc>Pauses the test executed for the given time.</doc>
<status status="NOT RUN" starttime="20230227 13:29:24.788" endtime="20230227 13:29:24.789"/>
</kw>
<status status="FAIL" starttime="20230227 13:29:11.691" endtime="20230227 13:29:24.789"/>
</kw>
<kw name="filtrer les produits by attribute" library="test1">
<arg>${Fabricant}</arg>
<arg>${Couleur}</arg>
<arg>${Isolation}</arg>
<arg>${Le_type}</arg>
<arg>${Matériau_conducteur}</arg>
<arg>${Mesure_du_fil}</arg>
<arg>${Taille_Dimension}</arg>
<arg>${Température}</arg>
<arg>${Tension}</arg>
<status status="NOT RUN" starttime="20230227 13:29:24.790" endtime="20230227 13:29:24.791"/>
</kw>
<status status="FAIL" starttime="20230227 13:28:58.069" endtime="20230227 13:29:24.792">NoSuchWindowException: Message: no such window: target window already closed
from unknown error: web view not found
  (Session info: chrome=110.0.5481.177)
Stacktrace:
Backtrace:
	(No symbol) [0x005C37D3]
	(No symbol) [0x00558B81]
	(No symbol) [0x0045B36D]
	(No symbol) [0x0043E5DA]
	(No symbol) [0x004AF0CB]
	(No symbol) [0x004C0A56]
	(No symbol) [0x004AB216]
	(No symbol) [0x00480D97]
	(No symbol) [0x0048253D]
	GetHandleVerifier [0x0083ABF2+2510930]
	GetHandleVerifier [0x00868EC1+2700065]
	GetHandleVerifier [0x0086C86C+2714828]
	GetHandleVerifier [0x00673480+645344]
	(No symbol) [0x00560FD2]
	(No symbol) [0x00566C68]
	(No symbol) [0x00566D4B]
	(No symbol) [0x00570D6B]
	BaseThreadInitThunk [0x75FF00F9+25]
	RtlGetAppContainerNamedObjectPath [0x76F77BBE+286]
	RtlGetAppContainerNamedObjectPath [0x76F77B8E+238]
</status>
</test>
<doc>Cables et fils electrique-Fils de cable_Partie des filtre</doc>
<status status="FAIL" starttime="20230227 13:28:57.561" endtime="20230227 13:29:24.794"/>
</suite>
<status status="FAIL" starttime="20230227 13:28:57.509" endtime="20230227 13:29:24.797"/>
</suite>
<statistics>
<total>
<stat pass="0" fail="1" skip="0">All Tests</stat>
</total>
<tag>
</tag>
<suite>
<stat pass="0" fail="1" skip="0" id="s1" name="TestCases Fils Projet1">TestCases Fils Projet1</stat>
<stat pass="0" fail="1" skip="0" id="s1-s1" name="Test1">TestCases Fils Projet1.Test1</stat>
</suite>
</statistics>
<errors>
<msg timestamp="20230227 13:29:24.778" level="WARN">Keyword 'Capture Page Screenshot' could not be run on failure: Message: no such window: target window already closed
from unknown error: web view not found
  (Session info: chrome=110.0.5481.177)
Stacktrace:
Backtrace:
	(No symbol) [0x005C37D3]
	(No symbol) [0x00558B81]
	(No symbol) [0x0045B36D]
	(No symbol) [0x0043E5DA]
	(No symbol) [0x004AF0CB]
	(No symbol) [0x004C0A56]
	(No symbol) [0x004AB216]
	(No symbol) [0x00480D97]
	(No symbol) [0x0048253D]
	GetHandleVerifier [0x0083ABF2+2510930]
	GetHandleVerifier [0x00868EC1+2700065]
	GetHandleVerifier [0x0086C86C+2714828]
	GetHandleVerifier [0x00673480+645344]
	(No symbol) [0x00560FD2]
	(No symbol) [0x00566C68]
	(No symbol) [0x00566D4B]
	(No symbol) [0x00570D6B]
	BaseThreadInitThunk [0x75FF00F9+25]
	RtlGetAppContainerNamedObjectPath [0x76F77BBE+286]
	RtlGetAppContainerNamedObjectPath [0x76F77B8E+238]
</msg>
</errors>
</robot>
